Problem:    TNOVA
Rows:       38
Columns:    22 (22 integer, 22 binary)
Non-zeros:  114
Status:     INTEGER OPTIMAL
Objective:  min = -0.2 (MINimum)

   No.   Row name        Activity     Lower bound   Upper bound
------ ------------    ------------- ------------- -------------
     1 min                      -0.2                             
     2 VM_Map[0]                   1             1             = 
     3 VM_Map[1]                   1             1             = 
     4 VM_Map[2]                   1             1             = 
     5 PathBalance[0,0,1]
                                   0            -0             = 
     6 PathBalance[0,1,2]
                                   0            -0             = 
     7 PathBalance[1,0,1]
                                   0            -0             = 
     8 PathBalance[1,1,2]
                                   0            -0             = 
     9 PathBalance[2,0,1]
                                   0            -0             = 
    10 PathBalance[2,1,2]
                                   0            -0             = 
    11 PathBalance[3,0,1]
                                   0            -0             = 
    12 PathBalance[3,1,2]
                                   0            -0             = 
    13 DelayConst[1]
                                 0.2                         0.2 
    14 CapacityLink[0,1,bw]
                                  25                          50 
    15 CapacityLink[2,0,bw]
                                   0                          50 
    16 CapacityLink[1,2,bw]
                                  30                          70 
    17 CapacityLink[0,3,bw]
                                   0                          40 
    18 CapacityLink[3,2,bw]
                                   0                          70 
    19 CapacityNode[0,cpu]
                                  25                          50 
    20 CapacityNode[0,disk]
                                  25                          50 
    21 CapacityNode[1,cpu]
                                  30                          50 
    22 CapacityNode[1,disk]
                                  30                          50 
    23 CapacityNode[2,cpu]
                                  15                          70 
    24 CapacityNode[2,disk]
                                  15                          70 
    25 CapacityNode[3,cpu]
                                   0                          40 
    26 CapacityNode[3,disk]
                                   0                          40 
    27 Bound[0,0]                  1            -0               
    28 Bound[0,1]                  0            -0               
    29 Bound[0,2]                  0            -0               
    30 Bound[0,3]                  0            -0               
    31 Bound[1,0]                  0            -0               
    32 Bound[1,1]                  1            -0               
    33 Bound[1,2]                  0            -0               
    34 Bound[1,3]                  0            -0               
    35 Bound[2,0]                  0            -0               
    36 Bound[2,1]                  0            -0               
    37 Bound[2,2]                  1            -0               
    38 Bound[2,3]                  0            -0               

   No. Column name       Activity     Lower bound   Upper bound
------ ------------    ------------- ------------- -------------
     1 x[0,1,0,1]   *              1             0             1 
     2 x[1,2,0,1]   *              0             0             1 
     3 x[0,1,2,0]   *              0             0             1 
     4 x[1,2,2,0]   *              0             0             1 
     5 x[0,1,1,2]   *              0             0             1 
     6 x[1,2,1,2]   *              1             0             1 
     7 x[0,1,0,3]   *              0             0             1 
     8 x[1,2,0,3]   *              0             0             1 
     9 x[0,1,3,2]   *              0             0             1 
    10 x[1,2,3,2]   *              0             0             1 
    11 y[0,0]       *              1             0             1 
    12 y[0,1]       *              0             0             1 
    13 y[0,2]       *              0             0             1 
    14 y[0,3]       *              0             0             1 
    15 y[1,0]       *              0             0             1 
    16 y[1,1]       *              1             0             1 
    17 y[1,2]       *              0             0             1 
    18 y[1,3]       *              0             0             1 
    19 y[2,0]       *              0             0             1 
    20 y[2,1]       *              0             0             1 
    21 y[2,2]       *              1             0             1 
    22 y[2,3]       *              0             0             1 

Integer feasibility conditions:

KKT.PE: max.abs.err = 3.55e-15 on row 16
        max.rel.err = 2.71e-15 on row 18
        High quality

KKT.PB: max.abs.err = 9.04e-17 on row 12
        max.rel.err = 9.04e-17 on row 12
        High quality

End of output
